0 info it worked if it ends with ok
1 verbose cli [ '/Users/chenyutian0510/.nvm/versions/node/v6.4.0/bin/node',
1 verbose cli   '/Users/chenyutian0510/.nvm/versions/node/v6.4.0/bin/npm',
1 verbose cli   'run',
1 verbose cli   'release' ]
2 info using npm@3.10.3
3 info using node@v6.4.0
4 verbose run-script [ 'prerelease', 'release', 'postrelease' ]
5 info lifecycle react-mobile-datepicker@2.0.7~prerelease: react-mobile-datepicker@2.0.7
6 silly lifecycle react-mobile-datepicker@2.0.7~prerelease: no script for prerelease, continuing
7 info lifecycle react-mobile-datepicker@2.0.7~release: react-mobile-datepicker@2.0.7
8 verbose lifecycle react-mobile-datepicker@2.0.7~release: unsafe-perm in lifecycle true
9 verbose lifecycle react-mobile-datepicker@2.0.7~release: PATH: /Users/chenyutian0510/.nvm/versions/node/v6.4.0/lib/node_modules/npm/bin/node-gyp-bin:/Users/chenyutian0510/Documents/dev-js/react-mobile-datepicker/node_modules/.bin:/Users/chenyutian0510/.nvm/versions/node/v6.4.0/bin:/Users/chenyutian0510/.nvm/versions/node/v6.4.0/bin:/Users/chenyutian0510/Documents/maven/bin:/usr/local/bin:/usr/bin:/bin:/usr/sbin:/sbin
10 verbose lifecycle react-mobile-datepicker@2.0.7~release: CWD: /Users/chenyutian0510/Documents/dev-js/react-mobile-datepicker
11 silly lifecycle react-mobile-datepicker@2.0.7~release: Args: [ '-c', 'scripts/release' ]
12 silly lifecycle react-mobile-datepicker@2.0.7~release: Returned: code: 1  signal: null
13 info lifecycle react-mobile-datepicker@2.0.7~release: Failed to exec release script
14 verbose stack Error: react-mobile-datepicker@2.0.7 release: `scripts/release`
14 verbose stack Exit status 1
14 verbose stack     at EventEmitter.<anonymous> (/Users/chenyutian0510/.nvm/versions/node/v6.4.0/lib/node_modules/npm/lib/utils/lifecycle.js:242:16)
14 verbose stack     at emitTwo (events.js:106:13)
14 verbose stack     at EventEmitter.emit (events.js:191:7)
14 verbose stack     at ChildProcess.<anonymous> (/Users/chenyutian0510/.nvm/versions/node/v6.4.0/lib/node_modules/npm/lib/utils/spawn.js:40:14)
14 verbose stack     at emitTwo (events.js:106:13)
14 verbose stack     at ChildProcess.emit (events.js:191:7)
14 verbose stack     at maybeClose (internal/child_process.js:852:16)
14 verbose stack     at Process.ChildProcess._handle.onexit (internal/child_process.js:215:5)
15 verbose pkgid react-mobile-datepicker@2.0.7
16 verbose cwd /Users/chenyutian0510/Documents/dev-js/react-mobile-datepicker
17 error Darwin 15.3.0
18 error argv "/Users/chenyutian0510/.nvm/versions/node/v6.4.0/bin/node" "/Users/chenyutian0510/.nvm/versions/node/v6.4.0/bin/npm" "run" "release"
19 error node v6.4.0
20 error npm  v3.10.3
21 error code ELIFECYCLE
22 error react-mobile-datepicker@2.0.7 release: `scripts/release`
22 error Exit status 1
23 error Failed at the react-mobile-datepicker@2.0.7 release script 'scripts/release'.
23 error Make sure you have the latest version of node.js and npm installed.
23 error If you do, this is most likely a problem with the react-mobile-datepicker package,
23 error not with npm itself.
23 error Tell the author that this fails on your system:
23 error     scripts/release
23 error You can get information on how to open an issue for this project with:
23 error     npm bugs react-mobile-datepicker
23 error Or if that isn't available, you can get their info via:
23 error     npm owner ls react-mobile-datepicker
23 error There is likely additional logging output above.
24 verbose exit [ 1, true ]
